<?xml version="1.0" encoding="UTF-8"?>
<testsuite xmlns:xsi="http://www.w3.org/2001/XMLSchema-instance" xsi:noNamespaceSchemaLocation="https://maven.apache.org/surefire/maven-surefire-plugin/xsd/surefire-test-report-3.0.xsd" version="3.0" name="com.auction.client.AuctionClientTest" time="0.089" tests="14" errors="0" skipped="0" failures="0">
  <properties>
[...]
</properties>
  <testcase name="testAuctionFinished" classname="com.auction.client.AuctionClientTest" time="0.04"/>
  <testcase name="testRegistrationMessagePartCount" classname="com.auction.client.AuctionClientTest" time="0.001"/>
  <testcase name="testRegistrationMessageFormat" classname="com.auction.client.AuctionClientTest" time="0.0"/>
  <testcase name="testCommandSeparatorConstant" classname="com.auction.client.AuctionClientTest" time="0.001"/>
  <testcase name="testServerPortConstant" classname="com.auction.client.AuctionClientTest" time="0.001"/>
  <testcase name="testLoginMessageFormat" classname="com.auction.client.AuctionClientTest" time="0.001"/>
  <testcase name="testLoginMessagePartCount" classname="com.auction.client.AuctionClientTest" time="0.001"/>
  <testcase name="testLoginCommandConstant" classname="com.auction.client.AuctionClientTest" time="0.001"/>
  <testcase name="testRegistrationWithSellerRole" classname="com.auction.client.AuctionClientTest" time="0.001"/>
  <testcase name="testRegistrationWithAdminRole" classname="com.auction.client.AuctionClientTest" time="0.001"/>
  <testcase name="testPlaceBidLowerThanAuctionPrice" classname="com.auction.client.AuctionClientTest" time="0.001"/>
  <testcase name="testRegisterCommandConstant" classname="com.auction.client.AuctionClientTest" time="0.001"/>
  <testcase name="testPlaceBidSychronized" classname="com.auction.client.AuctionClientTest" time="0.002"/>
  <testcase name="testServerHostConstant" classname="com.auction.client.AuctionClientTest" time="0.001"/>
</testsuite>