<?xml version="1.0" encoding="UTF-8"?>
<testsuite xmlns:xsi="http://www.w3.org/2001/XMLSchema-instance" xsi:noNamespaceSchemaLocation="https://maven.apache.org/surefire/maven-surefire-plugin/xsd/surefire-test-report-3.0.xsd" version="3.0" name="com.auction.server.ClientHandlerTest" time="1.295" tests="20" errors="0" skipped="0" failures="0">
  <properties>
[...]
</properties>
  <testcase name="testProcessRegisterWithIncorrectPartsCount" classname="com.auction.server.ClientHandlerTest" time="1.164">
    <system-out><![CDATA[Mockito is currently self-attaching to enable the inline-mock-maker. This will no longer work in future releases of the JDK. Please add Mockito as an agent to your build what is described in Mockito's documentation: https://javadoc.io/doc/org.mockito/mockito-core/latest/org/mockito/Mockito.html#0.3
Mockito is currently self-attaching to enable the inline-mock-maker. This will no longer work in future releases of the JDK. Please add Mockito as an agent to your build what is described in Mockito's documentation: https://javadoc.io/doc/org.mockito/mockito-core/latest/org/mockito/Mockito.html#0.3
]]></system-out>
    <system-err><![CDATA[WARNING: A Java agent has been loaded dynamically (C:\Users\ADMIN\.m2\repository\net\bytebuddy\byte-buddy-agent\1.15.3\byte-buddy-agent-1.15.3.jar)
WARNING: If a serviceability tool is in use, please run with -XX:+EnableDynamicAgentLoading to hide this warning
WARNING: If a serviceability tool is not in use, please run with -Djdk.instrument.traceUsage for more information
WARNING: Dynamic loading of agents will be disallowed by default in a future release
]]></system-err>
  </testcase>
  <testcase name="testProcessRequestWithNullMessage" classname="com.auction.server.ClientHandlerTest" time="0.016"/>
  <testcase name="testProcessEmptyRequest" classname="com.auction.server.ClientHandlerTest" time="0.002"/>
  <testcase name="testProcessFailedLoginRequest" classname="com.auction.server.ClientHandlerTest" time="0.004"/>
  <testcase name="testProcessCaseInsensitiveCommands" classname="com.auction.server.ClientHandlerTest" time="0.004"/>
  <testcase name="testResponseFormatWithSeparator" classname="com.auction.server.ClientHandlerTest" time="0.003"/>
  <testcase name="testUserServiceCalledOnceForLogin" classname="com.auction.server.ClientHandlerTest" time="0.003"/>
  <testcase name="testRegisterPartsConstant" classname="com.auction.server.ClientHandlerTest" time="0.003"/>
  <testcase name="testProcessNullRequest" classname="com.auction.server.ClientHandlerTest" time="0.002"/>
  <testcase name="testUserServiceCalledOnceForRegister" classname="com.auction.server.ClientHandlerTest" time="0.003"/>
  <testcase name="testProcessRequestWithWhitespace" classname="com.auction.server.ClientHandlerTest" time="0.002"/>
  <testcase name="testProcessValidLoginRequest" classname="com.auction.server.ClientHandlerTest" time="0.003"/>
  <testcase name="testExtractLoginCredentials" classname="com.auction.server.ClientHandlerTest" time="0.005"/>
  <testcase name="testLoginPartsConstant" classname="com.auction.server.ClientHandlerTest" time="0.001"/>
  <testcase name="testProcessValidRegisterRequest" classname="com.auction.server.ClientHandlerTest" time="0.003"/>
  <testcase name="testProcessLowercaseLoginCommand" classname="com.auction.server.ClientHandlerTest" time="0.002"/>
  <testcase name="testProcessUnknownCommand" classname="com.auction.server.ClientHandlerTest" time="0.002"/>
  <testcase name="testProcessLoginWithIncorrectPartsCount" classname="com.auction.server.ClientHandlerTest" time="0.002"/>
  <testcase name="testProcessFailedRegisterRequest" classname="com.auction.server.ClientHandlerTest" time="0.001"/>
  <testcase name="testExtractRegisterCredentials" classname="com.auction.server.ClientHandlerTest" time="0.002"/>
</testsuite>